[debug] [2021-03-26T21:53:17.647Z] ----------------------------------------------------------------------
[debug] [2021-03-26T21:53:17.649Z] Command:       /Users/andrei/.nvm/versions/node/v12.21.0/bin/node /usr/local/bin/firebase emulators:start --only functions
[debug] [2021-03-26T21:53:17.649Z] CLI Version:   9.6.1
[debug] [2021-03-26T21:53:17.649Z] Platform:      darwin
[debug] [2021-03-26T21:53:17.649Z] Node Version:  v12.21.0
[debug] [2021-03-26T21:53:17.653Z] Time:          Fri Mar 26 2021 22:53:17 GMT+0100 (Central European Standard Time)
[debug] [2021-03-26T21:53:17.653Z] ----------------------------------------------------------------------
[debug] [2021-03-26T21:53:17.653Z] 
[debug] [2021-03-26T21:53:17.657Z] >>> [apiv2][query] GET https://firebase-public.firebaseio.com/cli.json [none]
[debug] [2021-03-26T21:53:17.680Z] > command requires scopes: ["email","openid","https://www.googleapis.com/auth/cloudplatformprojects.readonly","https://www.googleapis.com/auth/firebase","https://www.googleapis.com/auth/cloud-platform"]
[debug] [2021-03-26T21:53:17.681Z] > authorizing via signed-in user
[info] i  emulators: Starting emulators: functions {"metadata":{"emulator":{"name":"hub"},"message":"Starting emulators: functions"}}
[warn] ⚠  emulators: It seems that you are running multiple instances of the emulator suite for project save-and-save. This may result in unexpected behavior. 
[debug] [2021-03-26T21:53:17.694Z] [hub] writing locator at /var/folders/rd/b8y0hbfn6px0034frq1clv6m0000gn/T/hub-save-and-save.json
[warn] ⚠  functions: The following emulators are not running, calls to these services from the Functions emulator will affect production: auth, firestore, database, hosting, pubsub {"metadata":{"emulator":{"name":"functions"},"message":"The following emulators are not running, calls to these services from the Functions emulator will affect production: \u001b[1mauth, firestore, database, hosting, pubsub\u001b[22m"}}
[info] ✔  functions: Using node@12 from host. {"metadata":{"emulator":{"name":"functions"},"message":"Using node@12 from host."}}
[debug] [2021-03-26T21:53:17.729Z] defaultcredentials: writing to file /Users/andrei/.config/firebase/andrei_cristea997_gmail.com_application_default_credentials.json
[debug] [2021-03-26T21:53:17.732Z] Setting GAC to /Users/andrei/.config/firebase/andrei_cristea997_gmail.com_application_default_credentials.json {"metadata":{"emulator":{"name":"functions"},"message":"Setting GAC to /Users/andrei/.config/firebase/andrei_cristea997_gmail.com_application_default_credentials.json"}}
[debug] [2021-03-26T21:53:17.733Z] > refreshing access token with scopes: []
[debug] [2021-03-26T21:53:17.733Z] >>> HTTP REQUEST POST https://www.googleapis.com/oauth2/v3/token  
 <request body omitted>
[debug] [2021-03-26T21:53:17.864Z] <<< HTTP RESPONSE 200 {"expires":"Mon, 01 Jan 1990 00:00:00 GMT","pragma":"no-cache","cache-control":"no-cache, no-store, max-age=0, must-revalidate","date":"Fri, 26 Mar 2021 21:53:17 GMT","content-type":"application/json; charset=utf-8","vary":"X-Origin, Referer, Origin,Accept-Encoding","server":"scaffolding on HTTPServer2","x-xss-protection":"0","x-frame-options":"SAMEORIGIN","x-content-type-options":"nosniff","alt-svc":"h3-29=\":443\"; ma=2592000,h3-T051=\":443\"; ma=2592000,h3-Q050=\":443\"; ma=2592000,h3-Q046=\":443\"; ma=2592000,h3-Q043=\":443\"; ma=2592000,quic=\":443\"; ma=2592000; v=\"46,43\"","accept-ranges":"none","transfer-encoding":"chunked"}
[debug] [2021-03-26T21:53:17.873Z] >>> [apiv2][query] GET https://firebase.googleapis.com/v1beta1/projects/save-and-save/adminSdkConfig [none]
[debug] [2021-03-26T21:53:18.165Z] <<< [apiv2][status] GET https://firebase-public.firebaseio.com/cli.json 200
[debug] [2021-03-26T21:53:18.165Z] <<< [apiv2][body] GET https://firebase-public.firebaseio.com/cli.json {"cloudBuildErrorAfter":1594252800000,"cloudBuildWarnAfter":1590019200000,"defaultNode10After":1594252800000,"minVersion":"3.0.5","node8DeploysDisabledAfter":1613390400000,"node8RuntimeDisabledAfter":1615809600000,"node8WarnAfter":1600128000000}
[debug] [2021-03-26T21:53:18.264Z] <<< [apiv2][status] GET https://firebase.googleapis.com/v1beta1/projects/save-and-save/adminSdkConfig 200
[debug] [2021-03-26T21:53:18.264Z] <<< [apiv2][body] GET https://firebase.googleapis.com/v1beta1/projects/save-and-save/adminSdkConfig {"projectId":"save-and-save","databaseURL":"https://save-and-save-default-rtdb.firebaseio.com","storageBucket":"save-and-save.appspot.com"}
[warn] ⚠  ui: Emulator UI unable to start on port 4000, starting on 4004 instead. {"metadata":{"emulator":{"name":"ui"},"message":"Emulator UI unable to start on port 4000, starting on 4004 instead."}}
[debug] [2021-03-26T21:53:18.641Z] Ignoring unsupported arg: auto_download {"metadata":{"emulator":{"name":"ui"},"message":"Ignoring unsupported arg: auto_download"}}
[debug] [2021-03-26T21:53:18.641Z] Ignoring unsupported arg: port {"metadata":{"emulator":{"name":"ui"},"message":"Ignoring unsupported arg: port"}}
[debug] [2021-03-26T21:53:18.641Z] Starting Emulator UI with command {"binary":"node","args":["/Users/andrei/.cache/firebase/emulators/ui-v1.4.2/server.bundle.js"],"optionalArgs":[],"joinArgs":false} {"metadata":{"emulator":{"name":"ui"},"message":"Starting Emulator UI with command {\"binary\":\"node\",\"args\":[\"/Users/andrei/.cache/firebase/emulators/ui-v1.4.2/server.bundle.js\"],\"optionalArgs\":[],\"joinArgs\":false}"}}
[info] i  ui: Emulator UI logging to ui-debug.log {"metadata":{"emulator":{"name":"ui"},"message":"Emulator UI logging to \u001b[1mui-debug.log\u001b[22m"}}
[debug] [2021-03-26T21:53:18.827Z] Web / API server started at http://localhost:4004
 {"metadata":{"emulator":{"name":"ui"},"message":"Web / API server started at http://localhost:4004\n"}}
[info] i  functions: Watching "/Users/andrei/WebstormProjects/save&save/functions" for Cloud Functions... {"metadata":{"emulator":{"name":"functions"},"message":"Watching \"/Users/andrei/WebstormProjects/save&save/functions\" for Cloud Functions..."}}
[debug] [2021-03-26T21:53:18.923Z] [worker-pool] addWorker(~diagnostic~) {"metadata":{"emulator":{"name":"functions"},"message":"[worker-pool] addWorker(~diagnostic~)"}}
[debug] [2021-03-26T21:53:18.924Z] [worker-pool] Adding worker with key ~diagnostic~, total=1 {"metadata":{"emulator":{"name":"functions"},"message":"[worker-pool] Adding worker with key ~diagnostic~, total=1"}}
[debug] [2021-03-26T21:53:18.924Z] [worker-pool] submitWork(triggerId=) {"metadata":{"emulator":{"name":"functions"},"message":"[worker-pool] submitWork(triggerId=)"}}
[debug] [2021-03-26T21:53:18.924Z] [worker-~diagnostic~-037ab44b-47e8-4890-a51e-b34b6a4918c0]: Assigning socketPath: /var/folders/rd/b8y0hbfn6px0034frq1clv6m0000gn/T/fire_emu_33139.sock {"metadata":{"emulator":{"name":"functions"},"message":"[worker-~diagnostic~-037ab44b-47e8-4890-a51e-b34b6a4918c0]: Assigning socketPath: /var/folders/rd/b8y0hbfn6px0034frq1clv6m0000gn/T/fire_emu_33139.sock"}}
[debug] [2021-03-26T21:53:18.925Z] [worker-~diagnostic~-037ab44b-47e8-4890-a51e-b34b6a4918c0]: BUSY {"metadata":{"emulator":{"name":"functions"},"message":"[worker-~diagnostic~-037ab44b-47e8-4890-a51e-b34b6a4918c0]: BUSY"}}
[debug] [2021-03-26T21:53:19.207Z] [runtime-status] [33139] Functions runtime initialized. {"cwd":"/Users/andrei/WebstormProjects/save&save/functions","node_version":"12.21.0"} {"metadata":{"emulator":{"name":"functions"},"message":"[runtime-status] [33139] Functions runtime initialized. {\"cwd\":\"/Users/andrei/WebstormProjects/save&save/functions\",\"node_version\":\"12.21.0\"}"}}
[debug] [2021-03-26T21:53:19.209Z] [runtime-status] [33139] Disabled runtime features: undefined {"metadata":{"emulator":{"name":"functions"},"message":"[runtime-status] [33139] Disabled runtime features: undefined"}}
[debug] [2021-03-26T21:53:19.221Z] [runtime-status] [33139] Resolved module firebase-admin {"declared":true,"installed":true,"version":"9.5.0","resolution":"/Users/andrei/WebstormProjects/save&save/functions/node_modules/firebase-admin/lib/index.js"} {"metadata":{"emulator":{"name":"functions"},"message":"[runtime-status] [33139] Resolved module firebase-admin {\"declared\":true,\"installed\":true,\"version\":\"9.5.0\",\"resolution\":\"/Users/andrei/WebstormProjects/save&save/functions/node_modules/firebase-admin/lib/index.js\"}"}}
[debug] [2021-03-26T21:53:19.225Z] [runtime-status] [33139] Resolved module firebase-functions {"declared":true,"installed":true,"version":"3.13.2","resolution":"/Users/andrei/WebstormProjects/save&save/functions/node_modules/firebase-functions/lib/index.js"} {"metadata":{"emulator":{"name":"functions"},"message":"[runtime-status] [33139] Resolved module firebase-functions {\"declared\":true,\"installed\":true,\"version\":\"3.13.2\",\"resolution\":\"/Users/andrei/WebstormProjects/save&save/functions/node_modules/firebase-functions/lib/index.js\"}"}}
[debug] [2021-03-26T21:53:19.226Z] [runtime-status] [33139] Resolved module firebase-functions {"declared":true,"installed":true,"version":"3.13.2","resolution":"/Users/andrei/WebstormProjects/save&save/functions/node_modules/firebase-functions/lib/index.js"} {"metadata":{"emulator":{"name":"functions"},"message":"[runtime-status] [33139] Resolved module firebase-functions {\"declared\":true,\"installed\":true,\"version\":\"3.13.2\",\"resolution\":\"/Users/andrei/WebstormProjects/save&save/functions/node_modules/firebase-functions/lib/index.js\"}"}}
[debug] [2021-03-26T21:53:19.231Z] [runtime-status] [33139] Outgoing network have been stubbed. [{"name":"http","status":"mocked"},{"name":"http","status":"mocked"},{"name":"https","status":"mocked"},{"name":"https","status":"mocked"},{"name":"net","status":"mocked"}] {"metadata":{"emulator":{"name":"functions"},"message":"[runtime-status] [33139] Outgoing network have been stubbed. [{\"name\":\"http\",\"status\":\"mocked\"},{\"name\":\"http\",\"status\":\"mocked\"},{\"name\":\"https\",\"status\":\"mocked\"},{\"name\":\"https\",\"status\":\"mocked\"},{\"name\":\"net\",\"status\":\"mocked\"}]"}}
[debug] [2021-03-26T21:53:19.231Z] [runtime-status] [33139] Resolved module firebase-functions {"declared":true,"installed":true,"version":"3.13.2","resolution":"/Users/andrei/WebstormProjects/save&save/functions/node_modules/firebase-functions/lib/index.js"} {"metadata":{"emulator":{"name":"functions"},"message":"[runtime-status] [33139] Resolved module firebase-functions {\"declared\":true,\"installed\":true,\"version\":\"3.13.2\",\"resolution\":\"/Users/andrei/WebstormProjects/save&save/functions/node_modules/firebase-functions/lib/index.js\"}"}}
[debug] [2021-03-26T21:53:19.364Z] [runtime-status] [33139] Checked functions.config() {"config":{}} {"metadata":{"emulator":{"name":"functions"},"message":"[runtime-status] [33139] Checked functions.config() {\"config\":{}}"}}
[debug] [2021-03-26T21:53:19.364Z] [runtime-status] [33139] firebase-functions has been stubbed. {"functionsResolution":{"declared":true,"installed":true,"version":"3.13.2","resolution":"/Users/andrei/WebstormProjects/save&save/functions/node_modules/firebase-functions/lib/index.js"}} {"metadata":{"emulator":{"name":"functions"},"message":"[runtime-status] [33139] firebase-functions has been stubbed. {\"functionsResolution\":{\"declared\":true,\"installed\":true,\"version\":\"3.13.2\",\"resolution\":\"/Users/andrei/WebstormProjects/save&save/functions/node_modules/firebase-functions/lib/index.js\"}}"}}
[debug] [2021-03-26T21:53:19.364Z] [runtime-status] [33139] Resolved module firebase-functions {"declared":true,"installed":true,"version":"3.13.2","resolution":"/Users/andrei/WebstormProjects/save&save/functions/node_modules/firebase-functions/lib/index.js"} {"metadata":{"emulator":{"name":"functions"},"message":"[runtime-status] [33139] Resolved module firebase-functions {\"declared\":true,\"installed\":true,\"version\":\"3.13.2\",\"resolution\":\"/Users/andrei/WebstormProjects/save&save/functions/node_modules/firebase-functions/lib/index.js\"}"}}
[debug] [2021-03-26T21:53:19.365Z] [runtime-status] [33139] Resolved module firebase-admin {"declared":true,"installed":true,"version":"9.5.0","resolution":"/Users/andrei/WebstormProjects/save&save/functions/node_modules/firebase-admin/lib/index.js"} {"metadata":{"emulator":{"name":"functions"},"message":"[runtime-status] [33139] Resolved module firebase-admin {\"declared\":true,\"installed\":true,\"version\":\"9.5.0\",\"resolution\":\"/Users/andrei/WebstormProjects/save&save/functions/node_modules/firebase-admin/lib/index.js\"}"}}
[debug] [2021-03-26T21:53:19.366Z] [runtime-status] [33139] Resolved module firebase-functions {"declared":true,"installed":true,"version":"3.13.2","resolution":"/Users/andrei/WebstormProjects/save&save/functions/node_modules/firebase-functions/lib/index.js"} {"metadata":{"emulator":{"name":"functions"},"message":"[runtime-status] [33139] Resolved module firebase-functions {\"declared\":true,\"installed\":true,\"version\":\"3.13.2\",\"resolution\":\"/Users/andrei/WebstormProjects/save&save/functions/node_modules/firebase-functions/lib/index.js\"}"}}
[debug] [2021-03-26T21:53:19.366Z] [runtime-status] [33139] firebase-admin has been stubbed. {"adminResolution":{"declared":true,"installed":true,"version":"9.5.0","resolution":"/Users/andrei/WebstormProjects/save&save/functions/node_modules/firebase-admin/lib/index.js"}} {"metadata":{"emulator":{"name":"functions"},"message":"[runtime-status] [33139] firebase-admin has been stubbed. {\"adminResolution\":{\"declared\":true,\"installed\":true,\"version\":\"9.5.0\",\"resolution\":\"/Users/andrei/WebstormProjects/save&save/functions/node_modules/firebase-admin/lib/index.js\"}}"}}
[debug] [2021-03-26T21:53:19.598Z] [runtime-status] [33139] initializeApp(DEFAULT) {"credential":{"implicit":false,"projectId":"save-and-save","privateKey":"-----BEGIN PRIVATE KEY-----\nMIIEvAIBADANBgkqhkiG9w0BAQEFAASCBKYwggSiAgEAAoIBAQDSYGNWCDi3QoQ/\ncPHfuXqFEE7VNSvrQZLP6cdImREEWTW7QwhSlo34UByn0HMv8lHssRLLmzZlCrob\nYkFgx/Vc2nG5FCOBqWT5SEvovAs8+WjisagXbAN3cmTHe4Mq7M2tveelU6ek0Pn9\nl+SYVVYQlymBAcByeoSIQiypKUXWoro4yMZyiiE5m1KMeA8+I+KEnM+3mqAxJme+\n+hRBKYMkJUn34nZbNwesVUCPowDNCg7JXtH+0M9Ec9wybXHM+/6ACbBNFCB9Lmkb\n55i+qEByFStJdRC0a9wrW1mNw0maUzY9tj1I8X2ynYa7yGpZDOScKpdVJzsuh5+c\nvQ+NFJcbAgMBAAECggEADJoiiTZKiMvOwUAiSmfBdklw93uiawrNYRqyHzVaxsW9\n9BRCt4kg7bAwL0Cg4yKNvsh9WuisJvxarqZBoABfwIADZ6CptIGHChnHFk92uuB+\njx8w9bTji5sKJ3BM01xGa93K4Q/0TxQHovsfgfKRX8K2WpiAxJAgnUry2EVKfjNl\nx4niw/QcZ1PrWP6/8B/i4skTJnXPUepqTStTti1uXVIsp2nCagb8/FyMI+YFPvMx\nELxdhkGAmHaQhC6k0HIu3RBhf0ULxDIhAYcadAIndAg4Tfln3HhW7yY9rcSS8+C1\nyDFaPGc4EqKCHLPVIN3HG5UsvNyXQ0eNSuOzndYgdQKBgQDxVF0Nein5YJwg2MGr\nB0DAoLG0jrz75TyLbiutkX1vb2XgDuuIXSrb0nIX/saal6aaCaE3ipQdDbXnaLy/\nheoISa4nGeIc3LYB+2OOb9OvHmvHRB6Zb4zSmQVjsADa6Z7dt6SGq1ByKO4G7fnL\nNCU1khEMIQ9NlqcrUAkrcQk0XQKBgQDfKlM0sXU6PZfpyvbKMBhf+tpRpoEq+2iO\n/nBVe0oCuXCyddUsaU/eS3JhFXxZBDmUd5HPMH51VSE/zkFaJEU6gLOj6j7NvMy0\nfMTFu7j3CnQEUFjbVGC+l79h0b6acBUgnP4GXFM6/3KnZ5s556s/WzOS6uK98dsM\nURJ0Z2ZB1wKBgAVG2/YEetB6HU/WjX2I3hCYMuqIyHcVjxpZYVkdOknqfKbGjL3h\nk6NU2avOpVcSA9GQblcBj7WG7DhQIPhrHC/sNIOkXD5XUR9/+LBPn6hPmPm1cpnW\nR5T/RY/ldE9VFmUws8dCDbNBU9sQ7wpTbJDcTcUfH++JYMRgrqKliRb9AoGAZd2x\nC11xkDsrS7msuxAHIFCmNR0W2uLVkGgOKMbVOrcg/SUSQGp13Zd8x1oCX7OxANcv\nhG6zWqWYPsLMS/RAcXrsBQdY0Zq7qitFuqh8vq9T0+BFHyC95GHqJyGRqnc8/Z0L\nyyV7jHOsB0Qgs+bO4WWk/gwfoepzPYUIMoA8ShMCgYBsO7W5PScwi7t+Wil+L2vc\nPdOrdZ0rZDXSk8rdSq5CLxk9L0cEJR4RUBwDjv8mCI3WunRkQGXcvEtrIjY0YYo5\ntIGhUHHxYccyigiEpYc9Gtr3HpVTy8wE800PKChdD4k+lqtoGTamhZZt9eo4KHpe\nGrwtpdMNlF4OGbJUiFr5MQ==\n-----END PRIVATE KEY-----\n","clientEmail":"firebase-adminsdk-y9r3w@save-and-save.iam.gserviceaccount.com","httpClient":{"retry":{"maxRetries":4,"statusCodes":[503],"ioErrorCodes":["ECONNRESET","ETIMEDOUT"],"backOffFactor":0.5,"maxDelayInMillis":60000}}},"databaseURL":"https://save-and-save-default-rtdb.firebaseio.com/"} {"metadata":{"emulator":{"name":"functions"},"message":"[runtime-status] [33139] initializeApp(DEFAULT) {\"credential\":{\"implicit\":false,\"projectId\":\"save-and-save\",\"privateKey\":\"-----BEGIN PRIVATE KEY-----\\nMIIEvAIBADANBgkqhkiG9w0BAQEFAASCBKYwggSiAgEAAoIBAQDSYGNWCDi3QoQ/\\ncPHfuXqFEE7VNSvrQZLP6cdImREEWTW7QwhSlo34UByn0HMv8lHssRLLmzZlCrob\\nYkFgx/Vc2nG5FCOBqWT5SEvovAs8+WjisagXbAN3cmTHe4Mq7M2tveelU6ek0Pn9\\nl+SYVVYQlymBAcByeoSIQiypKUXWoro4yMZyiiE5m1KMeA8+I+KEnM+3mqAxJme+\\n+hRBKYMkJUn34nZbNwesVUCPowDNCg7JXtH+0M9Ec9wybXHM+/6ACbBNFCB9Lmkb\\n55i+qEByFStJdRC0a9wrW1mNw0maUzY9tj1I8X2ynYa7yGpZDOScKpdVJzsuh5+c\\nvQ+NFJcbAgMBAAECggEADJoiiTZKiMvOwUAiSmfBdklw93uiawrNYRqyHzVaxsW9\\n9BRCt4kg7bAwL0Cg4yKNvsh9WuisJvxarqZBoABfwIADZ6CptIGHChnHFk92uuB+\\njx8w9bTji5sKJ3BM01xGa93K4Q/0TxQHovsfgfKRX8K2WpiAxJAgnUry2EVKfjNl\\nx4niw/QcZ1PrWP6/8B/i4skTJnXPUepqTStTti1uXVIsp2nCagb8/FyMI+YFPvMx\\nELxdhkGAmHaQhC6k0HIu3RBhf0ULxDIhAYcadAIndAg4Tfln3HhW7yY9rcSS8+C1\\nyDFaPGc4EqKCHLPVIN3HG5UsvNyXQ0eNSuOzndYgdQKBgQDxVF0Nein5YJwg2MGr\\nB0DAoLG0jrz75TyLbiutkX1vb2XgDuuIXSrb0nIX/saal6aaCaE3ipQdDbXnaLy/\\nheoISa4nGeIc3LYB+2OOb9OvHmvHRB6Zb4zSmQVjsADa6Z7dt6SGq1ByKO4G7fnL\\nNCU1khEMIQ9NlqcrUAkrcQk0XQKBgQDfKlM0sXU6PZfpyvbKMBhf+tpRpoEq+2iO\\n/nBVe0oCuXCyddUsaU/eS3JhFXxZBDmUd5HPMH51VSE/zkFaJEU6gLOj6j7NvMy0\\nfMTFu7j3CnQEUFjbVGC+l79h0b6acBUgnP4GXFM6/3KnZ5s556s/WzOS6uK98dsM\\nURJ0Z2ZB1wKBgAVG2/YEetB6HU/WjX2I3hCYMuqIyHcVjxpZYVkdOknqfKbGjL3h\\nk6NU2avOpVcSA9GQblcBj7WG7DhQIPhrHC/sNIOkXD5XUR9/+LBPn6hPmPm1cpnW\\nR5T/RY/ldE9VFmUws8dCDbNBU9sQ7wpTbJDcTcUfH++JYMRgrqKliRb9AoGAZd2x\\nC11xkDsrS7msuxAHIFCmNR0W2uLVkGgOKMbVOrcg/SUSQGp13Zd8x1oCX7OxANcv\\nhG6zWqWYPsLMS/RAcXrsBQdY0Zq7qitFuqh8vq9T0+BFHyC95GHqJyGRqnc8/Z0L\\nyyV7jHOsB0Qgs+bO4WWk/gwfoepzPYUIMoA8ShMCgYBsO7W5PScwi7t+Wil+L2vc\\nPdOrdZ0rZDXSk8rdSq5CLxk9L0cEJR4RUBwDjv8mCI3WunRkQGXcvEtrIjY0YYo5\\ntIGhUHHxYccyigiEpYc9Gtr3HpVTy8wE800PKChdD4k+lqtoGTamhZZt9eo4KHpe\\nGrwtpdMNlF4OGbJUiFr5MQ==\\n-----END PRIVATE KEY-----\\n\",\"clientEmail\":\"firebase-adminsdk-y9r3w@save-and-save.iam.gserviceaccount.com\",\"httpClient\":{\"retry\":{\"maxRetries\":4,\"statusCodes\":[503],\"ioErrorCodes\":[\"ECONNRESET\",\"ETIMEDOUT\"],\"backOffFactor\":0.5,\"maxDelayInMillis\":60000}}},\"databaseURL\":\"https://save-and-save-default-rtdb.firebaseio.com/\"}"}}
[warn] ⚠  functions: The Cloud Firestore emulator is not running, so calls to Firestore will affect production. {"metadata":{"emulator":{"name":"functions"},"message":"The Cloud Firestore emulator is not running, so calls to Firestore will affect production."}}
[info] ✔  functions[app]: http function initialized (http://localhost:5001/save-and-save/us-central1/app). {"metadata":{"emulator":{"name":"functions"},"message":"\u001b[1mhttp\u001b[22m function initialized (http://localhost:5001/save-and-save/us-central1/app)."}}
[info] 
┌─────────────────────────────────────────────────────────────┐
│ ✔  All emulators ready! It is now safe to connect your app. │
│ i  View Emulator UI at http://localhost:4004                │
└─────────────────────────────────────────────────────────────┘

┌───────────┬────────────────┬─────────────────────────────────┐
│ Emulator  │ Host:Port      │ View in Emulator UI             │
├───────────┼────────────────┼─────────────────────────────────┤
│ Functions │ localhost:5001 │ http://localhost:4004/functions │
└───────────┴────────────────┴─────────────────────────────────┘
  Emulator Hub running at localhost:4400
  Other reserved ports: 4500

Issues? Report them at https://github.com/firebase/firebase-tools/issues and attach the *-debug.log files.
 
[debug] [2021-03-26T21:53:19.898Z] [worker-~diagnostic~-037ab44b-47e8-4890-a51e-b34b6a4918c0]: IDLE {"metadata":{"emulator":{"name":"functions"},"message":"[worker-~diagnostic~-037ab44b-47e8-4890-a51e-b34b6a4918c0]: IDLE"}}
